
:app:assembleDebugTest
:app:connectedAndroidTest FAILED


FAILURE: Build failed with an exception.

* What went wrong:
Execution failed for task ':app:connectedAndroidTest'.
> com.android.builder.testing.api.DeviceException: java.lang.RuntimeException: No connected devices!

* Try:
Run with --stacktrace option to get the stack trace. Run with --info or --debug option to get more log output.


BUILD FAILED

Total time: 3 mins 34.656 secs
travis_time:end:0fdb9b68:start=1413675675569906192,finish=1413675890768988438,duration=215199082246
[0K
[31;1mThe command "./gradlew build connectedCheck" exited with 1.[0m

Done. Your build exited with 1.
