
:app:assembleDebugTest
:app:connectedAndroidTest FAILED
FAILURE: Build failed with an exception.

* What went wrong:
Execution failed for task ':app:connectedAndroidTest'.
> com.android.builder.testing.api.DeviceException: java.lang.RuntimeException: No connected devices!

* Try:
Run with --stacktrace option to get the stack trace. Run with --info or --debug option to get more log output.

BUILD FAILED

Total time: 3 mins 39.736 secs
travis_time:end:06f1b77b:start=1413676921088769259,finish=1413677141309442200,duration=220220672941
[0K
[31;1mThe command "./gradlew build connectedCheck" exited with 1.[0m

Done. Your build exited with 1.
